
Showing logs for build [32mcb-kubecd-environment-pr-120-28-22gpq-1[0m stage [32mfrom-build-pack[0m and container [32mstep-credential-initializer-dhgjb[0m
{"level":"warn","ts":1577364836.9146435,"logger":"fallback-logger","caller":"logging/config.go:69","msg":"Fetch GitHub commit ID from kodata failed: \"ref: refs/heads/master\" is not a valid GitHub commit ID"}
{"level":"info","ts":1577364836.9152408,"logger":"fallback-logger","caller":"creds-init/main.go:40","msg":"Credentials initialized."}

Showing logs for build [32mcb-kubecd-environment-pr-120-28-22gpq-1[0m stage [32mfrom-build-pack[0m and container [32mstep-working-dir-initializer-c8c5x[0m
{"level":"warn","ts":1577364838.865578,"logger":"fallback-logger","caller":"logging/config.go:69","msg":"Fetch GitHub commit ID from kodata failed: open /var/run/ko/HEAD: no such file or directory"}
{"level":"info","ts":1577364838.928891,"logger":"fallback-logger","caller":"bash/main.go:65","msg":"Successfully executed command \"mkdir -p /workspace/source\""}

Showing logs for build [32mcb-kubecd-environment-pr-120-28-22gpq-1[0m stage [32mfrom-build-pack[0m and container [32mstep-place-tools[0m

Showing logs for build [32mcb-kubecd-environment-pr-120-28-22gpq-1[0m stage [32mfrom-build-pack[0m and container [32mstep-git-source-cb-kubecd-environment-pr-120-28-gxg2r[0m
{"level":"warn","ts":1577364842.354735,"logger":"fallback-logger","caller":"logging/config.go:69","msg":"Fetch GitHub commit ID from kodata failed: \"ref: refs/heads/master\" is not a valid GitHub commit ID"}
{"level":"info","ts":1577364843.5164936,"logger":"fallback-logger","caller":"git/git.go:102","msg":"Successfully cloned https://github.com/cb-kubecd/environment-pr-120-28-boot-gke-staging.git @ master in path /workspace/source"}

Showing logs for build [32mcb-kubecd-environment-pr-120-28-22gpq-1[0m stage [32mfrom-build-pack[0m and container [32mstep-git-merge[0m
Using SHAs from PULL_REFS=master:7e285c2c580c05dd01dae5e4a219e1e3a621b7fe,2:5a5db71a1b87ba3990b1eab805ba7ff19c78b35b
DEBUG: ran git fetch --unshallow origin 5a5db71a1b87ba3990b1eab805ba7ff19c78b35b: 7e285c2c580c05dd01dae5e4a219e1e3a621b7fe: in 
DEBUG: ran git checkout master in 
DEBUG: ran git reset --hard 7e285c2c580c05dd01dae5e4a219e1e3a621b7fe in 
DEBUG: ran clean --force -d . in 
DEBUG: ran git merge 5a5db71a1b87ba3990b1eab805ba7ff19c78b35b in 
Merged SHA 5a5db71a1b87ba3990b1eab805ba7ff19c78b35b with commit message 'chore: Promote bdd-sbhg-1577364445 to version 0.0.1' into base branch master

Showing logs for build [32mcb-kubecd-environment-pr-120-28-22gpq-1[0m stage [32mfrom-build-pack[0m and container [32mstep-build-helm-build[0m
WARNING: No $CHART_REPOSITORY defined so using the default value of: http://jenkins-x-chartmuseum:8080
Adding missing Helm repo: storage.googleapis.com https://storage.googleapis.com/chartmuseum.jenkins-x.io
WARNING: No secrets found on "helm/repos" due: reading the secret "helm/repos" from vault: no secret "helm/repos" not found in vault
Read credentials for https://storage.googleapis.com/chartmuseum.jenkins-x.io from vault helm/repos
Successfully added Helm repository storage.googleapis.com.
Adding missing Helm repo: jenkins-x-chartmuseum http://jenkins-x-chartmuseum:8080
WARNING: No secrets found on "helm/repos" due: reading the secret "helm/repos" from vault: no secret "helm/repos" not found in vault
Read credentials for http://jenkins-x-chartmuseum:8080 from vault helm/repos
Successfully added Helm repository jenkins-x-chartmuseum.
WARNING: No $CHART_REPOSITORY defined so using the default value of: http://jenkins-x-chartmuseum:8080
Adding missing Helm repo: chartmuseum.jenkins-x.io http://chartmuseum.jenkins-x.io
WARNING: No secrets found on "helm/repos" due: reading the secret "helm/repos" from vault: no secret "helm/repos" not found in vault
Read credentials for http://chartmuseum.jenkins-x.io from vault helm/repos
Successfully added Helm repository chartmuseum.jenkins-x.io.
