
Showing logs for build [32mcb-kubecd-environment-pr-120-28-ctdcq-1[0m stage [32mfrom-build-pack[0m and container [32mstep-credential-initializer-tzcg2[0m
{"level":"warn","ts":1577366251.4166338,"logger":"fallback-logger","caller":"logging/config.go:69","msg":"Fetch GitHub commit ID from kodata failed: \"ref: refs/heads/master\" is not a valid GitHub commit ID"}
{"level":"info","ts":1577366251.4172754,"logger":"fallback-logger","caller":"creds-init/main.go:40","msg":"Credentials initialized."}

Showing logs for build [32mcb-kubecd-environment-pr-120-28-ctdcq-1[0m stage [32mfrom-build-pack[0m and container [32mstep-working-dir-initializer-x9zpw[0m
{"level":"warn","ts":1577366252.421419,"logger":"fallback-logger","caller":"logging/config.go:69","msg":"Fetch GitHub commit ID from kodata failed: open /var/run/ko/HEAD: no such file or directory"}
{"level":"info","ts":1577366252.42283,"logger":"fallback-logger","caller":"bash/main.go:65","msg":"Successfully executed command \"mkdir -p /workspace/source\""}

Showing logs for build [32mcb-kubecd-environment-pr-120-28-ctdcq-1[0m stage [32mfrom-build-pack[0m and container [32mstep-place-tools[0m

Showing logs for build [32mcb-kubecd-environment-pr-120-28-ctdcq-1[0m stage [32mfrom-build-pack[0m and container [32mstep-git-source-cb-kubecd-environment-pr-120-28-vt5w9[0m
{"level":"warn","ts":1577366286.4607213,"logger":"fallback-logger","caller":"logging/config.go:69","msg":"Fetch GitHub commit ID from kodata failed: \"ref: refs/heads/master\" is not a valid GitHub commit ID"}
{"level":"info","ts":1577366287.7684672,"logger":"fallback-logger","caller":"git/git.go:102","msg":"Successfully cloned https://github.com/cb-kubecd/environment-pr-120-28-boot-gke-staging.git @ master in path /workspace/source"}

Showing logs for build [32mcb-kubecd-environment-pr-120-28-ctdcq-1[0m stage [32mfrom-build-pack[0m and container [32mstep-git-merge[0m
Using SHAs from PULL_REFS=master:4a1d4f776a5e64d0058ca2e742c34ae358af261e,4:058b4f4c96c549cdab973906dd892dd9abbca8d8
DEBUG: ran git fetch --unshallow origin 058b4f4c96c549cdab973906dd892dd9abbca8d8: 4a1d4f776a5e64d0058ca2e742c34ae358af261e: in 
DEBUG: ran git checkout master in 
DEBUG: ran git reset --hard 4a1d4f776a5e64d0058ca2e742c34ae358af261e in 
DEBUG: ran clean --force -d . in 
DEBUG: ran git merge 058b4f4c96c549cdab973906dd892dd9abbca8d8 in 
Merged SHA 058b4f4c96c549cdab973906dd892dd9abbca8d8 with commit message 'chore: Promote bdd-gh-1577364445 to version 0.0.1' into base branch master

Showing logs for build [32mcb-kubecd-environment-pr-120-28-ctdcq-1[0m stage [32mfrom-build-pack[0m and container [32mstep-build-helm-build[0m
WARNING: No $CHART_REPOSITORY defined so using the default value of: http://jenkins-x-chartmuseum:8080
Adding missing Helm repo: storage.googleapis.com https://storage.googleapis.com/chartmuseum.jenkins-x.io
WARNING: No secrets found on "helm/repos" due: reading the secret "helm/repos" from vault: no secret "helm/repos" not found in vault
Read credentials for https://storage.googleapis.com/chartmuseum.jenkins-x.io from vault helm/repos
Successfully added Helm repository storage.googleapis.com.
Adding missing Helm repo: jenkins-x-chartmuseum http://jenkins-x-chartmuseum:8080
WARNING: No secrets found on "helm/repos" due: reading the secret "helm/repos" from vault: no secret "helm/repos" not found in vault
Read credentials for http://jenkins-x-chartmuseum:8080 from vault helm/repos
Successfully added Helm repository jenkins-x-chartmuseum.
WARNING: No $CHART_REPOSITORY defined so using the default value of: http://jenkins-x-chartmuseum:8080
Adding missing Helm repo: chartmuseum.jenkins-x.io http://chartmuseum.jenkins-x.io
WARNING: No secrets found on "helm/repos" due: reading the secret "helm/repos" from vault: no secret "helm/repos" not found in vault
Read credentials for http://chartmuseum.jenkins-x.io from vault helm/repos
Successfully added Helm repository chartmuseum.jenkins-x.io.
